2024-11-21 00:03:07.022 [INFO] [Test worker] [c.example.demo.DemoApplicationTests] - Starting DemoApplicationTests using Java 17.0.9 with PID 13664 (started by jyr49 in C:\Users\jyr49\Desktop\docekr-compose\docker-compose-test\server1)
2024-11-21 00:03:07.023 [INFO] [Test worker] [c.example.demo.DemoApplicationTests] - The following 1 profile is active: "local"
2024-11-21 00:03:08.331 [INFO] [Test worker] [c.example.demo.DemoApplicationTests] - Started DemoApplicationTests in 1.789 seconds (process running for 3.143)
2024-11-21 00:03:09.198 [INFO] [Test worker] [o.s.t.c.s.AnnotationConfigContextLoaderUtils] - Could not detect default configuration classes for test class [com.example.demo.controller.HealthControllerTest]: HealthControllerTest does not declare any static, non-private, non-final, nested classes annotated with @Configuration.
2024-11-21 00:03:09.216 [INFO] [Test worker] [o.s.b.t.c.SpringBootTestContextBootstrapper] - Found @SpringBootConfiguration com.example.demo.DemoApplication for test class com.example.demo.controller.HealthControllerTest
2024-11-21 00:03:09.261 [INFO] [Test worker] [c.e.d.c.HealthControllerTest] - Starting HealthControllerTest using Java 17.0.9 with PID 13664 (started by jyr49 in C:\Users\jyr49\Desktop\docekr-compose\docker-compose-test\server1)
2024-11-21 00:03:09.261 [INFO] [Test worker] [c.e.d.c.HealthControllerTest] - The following 1 profile is active: "test"
2024-11-21 00:03:09.481 [INFO] [Test worker] [o.s.b.a.l.ConditionEvaluationReportLogger] - 

Error starting ApplicationContext. To display the condition evaluation report re-run your application with 'debug' enabled.
2024-11-21 00:03:47.532 [INFO] [Test worker] [c.e.d.c.HealthControllerTest] - Starting HealthControllerTest using Java 17.0.9 with PID 20020 (started by jyr49 in C:\Users\jyr49\Desktop\docekr-compose\docker-compose-test\server1)
2024-11-21 00:03:47.534 [INFO] [Test worker] [c.e.d.c.HealthControllerTest] - The following 1 profile is active: "test"
2024-11-21 00:03:48.322 [INFO] [Test worker] [o.s.b.a.l.ConditionEvaluationReportLogger] - 

Error starting ApplicationContext. To display the condition evaluation report re-run your application with 'debug' enabled.
2024-11-21 00:06:52.101 [INFO] [Test worker] [c.e.d.c.HealthControllerTest] - Starting HealthControllerTest using Java 17.0.9 with PID 2364 (started by jyr49 in C:\Users\jyr49\Desktop\docekr-compose\docker-compose-test\server1)
2024-11-21 00:06:52.103 [INFO] [Test worker] [c.e.d.c.HealthControllerTest] - The following 1 profile is active: "test"
2024-11-21 00:06:52.982 [INFO] [Test worker] [o.s.b.a.l.ConditionEvaluationReportLogger] - 

Error starting ApplicationContext. To display the condition evaluation report re-run your application with 'debug' enabled.
2024-11-21 00:12:33.160 [INFO] [Test worker] [c.e.d.c.HealthControllerTest] - Starting HealthControllerTest using Java 17.0.9 with PID 23792 (started by jyr49 in C:\Users\jyr49\Desktop\docekr-compose\docker-compose-test\server1)
2024-11-21 00:12:33.166 [INFO] [Test worker] [c.e.d.c.HealthControllerTest] - The following 1 profile is active: "test"
2024-11-21 00:12:34.487 [INFO] [Test worker] [o.s.b.t.m.w.SpringBootMockServletContext] - Initializing Spring TestDispatcherServlet ''
2024-11-21 00:12:34.487 [INFO] [Test worker] [o.s.t.w.s.TestDispatcherServlet] - Initializing Servlet ''
2024-11-21 00:12:34.488 [INFO] [Test worker] [o.s.t.w.s.TestDispatcherServlet] - Completed initialization in 1 ms
2024-11-21 00:12:34.517 [INFO] [Test worker] [c.e.d.c.HealthControllerTest] - Started HealthControllerTest in 1.897 seconds (process running for 3.305)
