2024-11-20 22:36:28.292 [INFO] [main] [com.example.demo.DemoApplication] - Starting DemoApplication using Java 22.0.2 with PID 23324 (C:\Users\jyr49\Desktop\docekr-compose\docker-compose-test\server1\build\classes\java\main started by jyr49 in C:\Users\jyr49\Desktop\docekr-compose\docker-compose-test)
2024-11-20 22:36:28.293 [INFO] [main] [com.example.demo.DemoApplication] - The following 1 profile is active: "local"
2024-11-20 22:36:29.321 [INFO] [main] [o.s.b.w.e.tomcat.TomcatWebServer] - Tomcat initialized with port 8080 (http)
2024-11-20 22:36:29.334 [INFO] [main] [o.a.coyote.http11.Http11NioProtocol] - Initializing ProtocolHandler ["http-nio-8080"]
2024-11-20 22:36:29.338 [INFO] [main] [o.a.catalina.core.StandardService] - Starting service [Tomcat]
2024-11-20 22:36:29.338 [INFO] [main] [o.a.catalina.core.StandardEngine] - Starting Servlet engine: [Apache Tomcat/10.1.31]
2024-11-20 22:36:29.401 [INFO] [main] [o.a.c.c.C.[Tomcat].[localhost].[/]] - Initializing Spring embedded WebApplicationContext
2024-11-20 22:36:29.401 [INFO] [main] [o.s.b.w.s.c.ServletWebServerApplicationContext] - Root WebApplicationContext: initialization completed in 1058 ms
2024-11-20 22:36:29.468 [INFO] [main] [o.a.catalina.core.StandardService] - Stopping service [Tomcat]
2024-11-20 22:36:29.480 [INFO] [main] [o.s.b.a.l.ConditionEvaluationReportLogger] - 

Error starting ApplicationContext. To display the condition evaluation report re-run your application with 'debug' enabled.
2024-11-20 22:39:22.810 [INFO] [main] [com.example.demo.DemoApplication] - Starting DemoApplication using Java 22.0.2 with PID 23000 (C:\Users\jyr49\Desktop\docekr-compose\docker-compose-test\server1\build\classes\java\main started by jyr49 in C:\Users\jyr49\Desktop\docekr-compose\docker-compose-test)
2024-11-20 22:39:22.811 [INFO] [main] [com.example.demo.DemoApplication] - The following 1 profile is active: "local"
2024-11-20 22:39:23.724 [INFO] [main] [o.s.b.w.e.tomcat.TomcatWebServer] - Tomcat initialized with port 8080 (http)
2024-11-20 22:39:23.735 [INFO] [main] [o.a.coyote.http11.Http11NioProtocol] - Initializing ProtocolHandler ["http-nio-8080"]
2024-11-20 22:39:23.739 [INFO] [main] [o.a.catalina.core.StandardService] - Starting service [Tomcat]
2024-11-20 22:39:23.739 [INFO] [main] [o.a.catalina.core.StandardEngine] - Starting Servlet engine: [Apache Tomcat/10.1.31]
2024-11-20 22:39:23.795 [INFO] [main] [o.a.c.c.C.[Tomcat].[localhost].[/]] - Initializing Spring embedded WebApplicationContext
2024-11-20 22:39:23.795 [INFO] [main] [o.s.b.w.s.c.ServletWebServerApplicationContext] - Root WebApplicationContext: initialization completed in 932 ms
2024-11-20 22:39:23.871 [INFO] [main] [o.a.catalina.core.StandardService] - Stopping service [Tomcat]
2024-11-20 22:39:23.880 [INFO] [main] [o.s.b.a.l.ConditionEvaluationReportLogger] - 

Error starting ApplicationContext. To display the condition evaluation report re-run your application with 'debug' enabled.
2024-11-20 22:39:59.828 [INFO] [main] [com.example.demo.DemoApplication] - Starting DemoApplication using Java 22.0.2 with PID 1876 (C:\Users\jyr49\Desktop\docekr-compose\docker-compose-test\server1\build\classes\java\main started by jyr49 in C:\Users\jyr49\Desktop\docekr-compose\docker-compose-test)
2024-11-20 22:39:59.830 [INFO] [main] [com.example.demo.DemoApplication] - The following 1 profile is active: "local"
2024-11-20 22:40:00.713 [INFO] [main] [o.s.b.w.e.tomcat.TomcatWebServer] - Tomcat initialized with port 8080 (http)
2024-11-20 22:40:00.724 [INFO] [main] [o.a.coyote.http11.Http11NioProtocol] - Initializing ProtocolHandler ["http-nio-8080"]
2024-11-20 22:40:00.728 [INFO] [main] [o.a.catalina.core.StandardService] - Starting service [Tomcat]
2024-11-20 22:40:00.728 [INFO] [main] [o.a.catalina.core.StandardEngine] - Starting Servlet engine: [Apache Tomcat/10.1.31]
2024-11-20 22:40:00.788 [INFO] [main] [o.a.c.c.C.[Tomcat].[localhost].[/]] - Initializing Spring embedded WebApplicationContext
2024-11-20 22:40:00.788 [INFO] [main] [o.s.b.w.s.c.ServletWebServerApplicationContext] - Root WebApplicationContext: initialization completed in 913 ms
2024-11-20 22:40:01.161 [INFO] [main] [o.a.coyote.http11.Http11NioProtocol] - Starting ProtocolHandler ["http-nio-8080"]
2024-11-20 22:40:01.181 [INFO] [main] [o.s.b.w.e.tomcat.TomcatWebServer] - Tomcat started on port 8080 (http) with context path ''
2024-11-20 22:40:01.187 [INFO] [main] [com.example.demo.DemoApplication] - Started DemoApplication in 1.959 seconds (process running for 2.499)
2024-11-20 22:40:05.267 [INFO] [http-nio-8080-exec-1] [o.a.c.c.C.[Tomcat].[localhost].[/]] - Initializing Spring DispatcherServlet 'dispatcherServlet'
2024-11-20 22:40:05.267 [INFO] [http-nio-8080-exec-1] [o.s.web.servlet.DispatcherServlet] - Initializing Servlet 'dispatcherServlet'
2024-11-20 22:40:05.268 [INFO] [http-nio-8080-exec-1] [o.s.web.servlet.DispatcherServlet] - Completed initialization in 1 ms
2024-11-20 22:41:06.084 [INFO] [main] [com.example.demo.DemoApplication] - Starting DemoApplication using Java 22.0.2 with PID 22164 (C:\Users\jyr49\Desktop\docekr-compose\docker-compose-test\server1\build\classes\java\main started by jyr49 in C:\Users\jyr49\Desktop\docekr-compose\docker-compose-test)
2024-11-20 22:41:06.085 [INFO] [main] [com.example.demo.DemoApplication] - The following 1 profile is active: "local"
2024-11-20 22:41:06.977 [INFO] [main] [o.s.b.w.e.tomcat.TomcatWebServer] - Tomcat initialized with port 8080 (http)
2024-11-20 22:41:06.987 [INFO] [main] [o.a.coyote.http11.Http11NioProtocol] - Initializing ProtocolHandler ["http-nio-8080"]
2024-11-20 22:41:06.991 [INFO] [main] [o.a.catalina.core.StandardService] - Starting service [Tomcat]
2024-11-20 22:41:06.991 [INFO] [main] [o.a.catalina.core.StandardEngine] - Starting Servlet engine: [Apache Tomcat/10.1.31]
2024-11-20 22:41:07.047 [INFO] [main] [o.a.c.c.C.[Tomcat].[localhost].[/]] - Initializing Spring embedded WebApplicationContext
2024-11-20 22:41:07.047 [INFO] [main] [o.s.b.w.s.c.ServletWebServerApplicationContext] - Root WebApplicationContext: initialization completed in 913 ms
2024-11-20 22:41:07.398 [INFO] [main] [o.a.coyote.http11.Http11NioProtocol] - Starting ProtocolHandler ["http-nio-8080"]
2024-11-20 22:41:07.415 [INFO] [main] [o.s.b.w.e.tomcat.TomcatWebServer] - Tomcat started on port 8080 (http) with context path ''
2024-11-20 22:41:07.420 [INFO] [main] [com.example.demo.DemoApplication] - Started DemoApplication in 1.952 seconds (process running for 2.529)
2024-11-20 22:41:18.326 [INFO] [http-nio-8080-exec-1] [o.a.c.c.C.[Tomcat].[localhost].[/]] - Initializing Spring DispatcherServlet 'dispatcherServlet'
2024-11-20 22:41:18.326 [INFO] [http-nio-8080-exec-1] [o.s.web.servlet.DispatcherServlet] - Initializing Servlet 'dispatcherServlet'
2024-11-20 22:41:18.327 [INFO] [http-nio-8080-exec-1] [o.s.web.servlet.DispatcherServlet] - Completed initialization in 1 ms
2024-11-20 22:44:20.353 [INFO] [main] [com.example.demo.DemoApplication] - Starting DemoApplication using Java 22.0.2 with PID 26264 (C:\Users\jyr49\Desktop\docekr-compose\docker-compose-test\server1\build\classes\java\main started by jyr49 in C:\Users\jyr49\Desktop\docekr-compose\docker-compose-test)
2024-11-20 22:44:20.354 [INFO] [main] [com.example.demo.DemoApplication] - The following 1 profile is active: "local"
2024-11-20 22:44:21.247 [INFO] [main] [o.s.b.w.e.tomcat.TomcatWebServer] - Tomcat initialized with port 8080 (http)
2024-11-20 22:44:21.257 [INFO] [main] [o.a.coyote.http11.Http11NioProtocol] - Initializing ProtocolHandler ["http-nio-8080"]
2024-11-20 22:44:21.262 [INFO] [main] [o.a.catalina.core.StandardService] - Starting service [Tomcat]
2024-11-20 22:44:21.263 [INFO] [main] [o.a.catalina.core.StandardEngine] - Starting Servlet engine: [Apache Tomcat/10.1.31]
2024-11-20 22:44:21.321 [INFO] [main] [o.a.c.c.C.[Tomcat].[localhost].[/]] - Initializing Spring embedded WebApplicationContext
2024-11-20 22:44:21.321 [INFO] [main] [o.s.b.w.s.c.ServletWebServerApplicationContext] - Root WebApplicationContext: initialization completed in 922 ms
2024-11-20 22:44:21.674 [INFO] [main] [o.a.coyote.http11.Http11NioProtocol] - Starting ProtocolHandler ["http-nio-8080"]
2024-11-20 22:44:21.691 [INFO] [main] [o.s.b.w.e.tomcat.TomcatWebServer] - Tomcat started on port 8080 (http) with context path ''
2024-11-20 22:44:21.697 [INFO] [main] [com.example.demo.DemoApplication] - Started DemoApplication in 1.967 seconds (process running for 2.53)
2024-11-20 22:44:27.313 [INFO] [http-nio-8080-exec-1] [o.a.c.c.C.[Tomcat].[localhost].[/]] - Initializing Spring DispatcherServlet 'dispatcherServlet'
2024-11-20 22:44:27.313 [INFO] [http-nio-8080-exec-1] [o.s.web.servlet.DispatcherServlet] - Initializing Servlet 'dispatcherServlet'
2024-11-20 22:44:27.314 [INFO] [http-nio-8080-exec-1] [o.s.web.servlet.DispatcherServlet] - Completed initialization in 1 ms
